

The context allocation routine failed when it tried to load localization files!!
One or more following problems may caused the failure

Your sybase home directory is E:\sybase. Check the environment variable SYBASE if it is not the one you want!
Using locale name "FR" defined in environment variable LANG
Locale name "FR" doesn't exist in your E:\sybase\locales\locales.dat file


The context allocation routine failed when it tried to load localization files!!
One or more following problems may caused the failure

Your sybase home directory is E:\sybase. Check the environment variable SYBASE if it is not the one you want!
Using locale name "FR" defined in environment variable LANG
Locale name "FR" doesn't exist in your E:\sybase\locales\locales.dat file


The context allocation routine failed when it tried to load localization files!!
One or more following problems may caused the failure

Your sybase home directory is E:\sybase. Check the environment variable SYBASE if it is not the one you want!
Using locale name "FR" defined in environment variable LANG
Locale name "FR" doesn't exist in your E:\sybase\locales\locales.dat file


The context allocation routine failed when it tried to load localization files!!
One or more following problems may caused the failure

Your sybase home directory is E:\sybase. Check the environment variable SYBASE if it is not the one you want!
Using locale name "FR" defined in environment variable LANG
Locale name "FR" doesn't exist in your E:\sybase\locales\locales.dat file


The context allocation routine failed when it tried to load localization files!!
One or more following problems may caused the failure

Your sybase home directory is E:\sybase. Check the environment variable SYBASE if it is not the one you want!
Using locale name "FR" defined in environment variable LANG
Locale name "FR" doesn't exist in your E:\sybase\locales\locales.dat file


The context allocation routine failed when it tried to load localization files!!
One or more following problems may caused the failure

Your sybase home directory is E:\sybase. Check the environment variable SYBASE if it is not the one you want!
Using locale name "FR" defined in environment variable LANG
Locale name "FR" doesn't exist in your E:\sybase\locales\locales.dat file


The context allocation routine failed when it tried to load localization files!!
One or more following problems may caused the failure

Your sybase home directory is E:\sybase. Check the environment variable SYBASE if it is not the one you want!
Using locale name "FR" defined in environment variable LANG
Locale name "FR" doesn't exist in your E:\sybase\locales\locales.dat file


The context allocation routine failed when it tried to load localization files!!
One or more following problems may caused the failure

Your sybase home directory is E:\sybase. Check the environment variable SYBASE if it is not the one you want!
Using locale name "FR" defined in environment variable LANG
Locale name "FR" doesn't exist in your E:\sybase\locales\locales.dat file


The context allocation routine failed when it tried to load localization files!!
One or more following problems may caused the failure

Your sybase home directory is E:\sybase. Check the environment variable SYBASE if it is not the one you want!
Using locale name "FR" defined in environment variable LANG
Locale name "FR" doesn't exist in your E:\sybase\locales\locales.dat file


The context allocation routine failed when it tried to load localization files!!
One or more following problems may caused the failure

Your sybase home directory is E:\sybase. Check the environment variable SYBASE if it is not the one you want!
Using locale name "FR" defined in environment variable LANG
Locale name "FR" doesn't exist in your E:\sybase\locales\locales.dat file


The context allocation routine failed when it tried to load localization files!!
One or more following problems may caused the failure

Your sybase home directory is E:\sybase. Check the environment variable SYBASE if it is not the one you want!
Using locale name "FR" defined in environment variable LANG
Locale name "FR" doesn't exist in your E:\sybase\locales\locales.dat file


The context allocation routine failed when it tried to load localization files!!
One or more following problems may caused the failure

Your sybase home directory is E:\sybase. Check the environment variable SYBASE if it is not the one you want!
Using locale name "FR" defined in environment variable LANG
Locale name "FR" doesn't exist in your E:\sybase\locales\locales.dat file


The context allocation routine failed when it tried to load localization files!!
One or more following problems may caused the failure

Your sybase home directory is E:\sybase. Check the environment variable SYBASE if it is not the one you want!
Using locale name "FR" defined in environment variable LANG
Locale name "FR" doesn't exist in your E:\sybase\locales\locales.dat file


The context allocation routine failed when it tried to load localization files!!
One or more following problems may caused the failure

Your sybase home directory is E:\sybase. Check the environment variable SYBASE if it is not the one you want!
Using locale name "FR" defined in environment variable LANG
Locale name "FR" doesn't exist in your E:\sybase\locales\locales.dat file


The context allocation routine failed when it tried to load localization files!!
One or more following problems may caused the failure

Your sybase home directory is E:\sybase. Check the environment variable SYBASE if it is not the one you want!
Using locale name "FR" defined in environment variable LANG
Locale name "FR" doesn't exist in your E:\sybase\locales\locales.dat file
